VALOR	000A	hol	EQU	%1010
DIR_INIC	0000	null	ORG	Error OPR
CONTLOC	0000	mor	Error CODOP	56
CONTLOC	0000	eri	EORA	@5
CONTLOC	0002	Tres	DC.W	"ABCDE"
CONTLOC	000C	null	DC.B	%1010, @12, 1, $A
CONTLOC	0010	null	EORA	$6
CONTLOC	0012	null	SWI	null
VALOR	0FFB	cuar	EQU	$FFB
CONTLOC	0013	null	EORA	f
CONTLOC	0013	null	EORA	$FFFF
CONTLOC	0016	null	EORA	#5
CONTLOC	0018	null	EORA	#@5
CONTLOC	001A	null	EORA	#1500
CONTLOC	001A	null	EORA	1,X
CONTLOC	001C	Uno	EORA	255,X
CONTLOC	001F	null	EORA	32768,X
CONTLOC	0023	null	EORA	1,+SP
CONTLOC	0025	isa	EORA	A,X
CONTLOC	0027	null	EORA	254,X
VALOR	002D	bla	EQU	45
CONTLOC	002A	null	EORA	64444,X
CONTLOC	002E	null	EORA	Error OPR
ETIQUETA DUPLICADA
CONTLOC	002E	null	EORA	Error OPR
CONTLOC	002E	null	BLT	Uno
CONTLOC	0030	null	LBLT	UnoDosa8
CONTLOC	0034	sit	IBNE	A,eso
VALOR	0035	this	EQU	$35
CONTLOC	0037	lol	END	null
