VALOR	000A	hol	EQU	%1010
DIR_INIC	002E	null	ORG	@56
CONTLOC	002E	mor	Error CODOP	56
CONTLOC	002E	eri	EORA	@5
CONTLOC	0030	Tres	DC.W	"ABCDE"
CONTLOC	003A	null	DC.B	%1010, @12, 1, $A
CONTLOC	003E	null	EORA	$6
CONTLOC	0040	null	SWI	null
VALOR	0FFB	cuar	EQU	$FFB
CONTLOC	0041	null	EORA	f
CONTLOC	0041	null	EORA	$FFFF
CONTLOC	0044	null	EORA	#5
CONTLOC	0046	null	EORA	#@5
CONTLOC	0048	null	EORA	#1500
CONTLOC	0048	null	EORA	1,X
CONTLOC	004A	Uno	EORA	255,X
CONTLOC	004D	null	EORA	32768,X
CONTLOC	0051	null	EORA	1,+SP
CONTLOC	0053	isa	EORA	A,X
CONTLOC	0055	null	EORA	254,X
VALOR	002D	bla	EQU	45
CONTLOC	0058	null	EORA	64444,X
CONTLOC	005C	null	EORA	[1,X]
ETIQUETA DUPLICADA
CONTLOC	0064	null	EORA	[D,X]
CONTLOC	0066	null	BLT	Uno
CONTLOC	0068	null	LBLT	UnoDosa8
CONTLOC	006C	sit	IBNE	A,eso
VALOR	0035	this	EQU	$35
CONTLOC	006F	lol	END	null
